
:::::::::::::::::::::::::::::::::::::::::::::::::::::::::::::::::
log: structopts.log
:::::::::::::::::::::::::::::::::::::::::::::::::::::::::::::::::

     1	Script  : /afs/cats.ucsc.edu/courses/cmps012b-wm/bin/runprog
     2	limit c :    0 max core file size (KB)
     3	limit f : 4194303 max output file size (KB)
     4	limit t : 4294967295 max CPU time (sec)
     5	stdin   : /dev/null
     6	stdout  : structopts.out
     7	stderr  : structopts.err
     8	log     : structopts.log
     9	listing : structopts.lis
    10	Command : structopts -m -n foo bar
    11	starting: pid 26207: 13:37:21.00
    12	finished: pid 26207: 13:37:21.00, real 0.00, user 0.00, sys 0.00
    13	pstatus: 0x0000 EXIT STATUS = 0

:::::::::::::::::::::::::::::::::::::::::::::::::::::::::::::::::
stdin: /dev/null
:::::::::::::::::::::::::::::::::::::::::::::::::::::::::::::::::


:::::::::::::::::::::::::::::::::::::::::::::::::::::::::::::::::
stdout: structopts.out
:::::::::::::::::::::::::::::::::::::::::::::::::::::::::::::::::

     1	moretitles   = 1
     2	numberlines  = 1
     3	squeeze      = 0
     4	argv[3] operand = "foo"
     5	argv[4] operand = "bar"

:::::::::::::::::::::::::::::::::::::::::::::::::::::::::::::::::
stderr: structopts.err
:::::::::::::::::::::::::::::::::::::::::::::::::::::::::::::::::

