
:::::::::::::::::::::::::::::::::::::::::::::::::::::::::::::::::
log: sortlist.log
:::::::::::::::::::::::::::::::::::::::::::::::::::::::::::::::::

     1	Script  : /afs/cats.ucsc.edu/courses/cmps012b-wm/bin/runprog
     2	limit c :    0 max core file size (KB)
     3	limit f : 4194303 max output file size (KB)
     4	limit t : 4294967295 max CPU time (sec)
     5	stdin   : -
     6	stdout  : sortlist.out
     7	stderr  : sortlist.err
     8	log     : sortlist.log
     9	listing : sortlist.lis
    10	Command : ./sortlist
    11	starting: pid 14747: 18:54:09.00
    12	finished: pid 14747: 18:54:09.00, real 0.00, user 0.04, sys 0.01
    13	pstatus: 0x0000 EXIT STATUS = 0

:::::::::::::::::::::::::::::::::::::::::::::::::::::::::::::::::
stdout: sortlist.out
:::::::::::::::::::::::::::::::::::::::::::::::::::::::::::::::::

     1	//Slashes//
     2	BUT A CAPITAL LINE COMES FIRST
     3	Output should be in lexicographic order.
     4	a last line is given
     5	from this program, is sorted
     6	is the output sorted
     7	testing the sort
     8	{{Note the ordering of special characters.}}

:::::::::::::::::::::::::::::::::::::::::::::::::::::::::::::::::
stderr: sortlist.err
:::::::::::::::::::::::::::::::::::::::::::::::::::::::::::::::::

