
:::::::::::::::::::::::::::::::::::::::::::::::::::::::::::::::::
log: output2.log
:::::::::::::::::::::::::::::::::::::::::::::::::::::::::::::::::

     1	Script  : /afs/cats.ucsc.edu/courses/cmps012b-wm/bin/runprogram.perl
     2	limit c :    0 max core file size (KB)
     3	limit f : 4194303 max output file size (KB)
     4	limit t : 4294967295 max CPU time (sec)
     5	stdin   : /dev/null
     6	stdout  : output2.out
     7	stderr  : output2.err
     8	log     : output2.log
     9	listing : output2.lis
    10	Command : catqueue test1.data test2.data test3.data
    11	starting: pid 10795: 19:23:35.00
    12	finished: pid 10795: 19:23:35.00, real 0.00, user 0.00, sys 0.00
    13	pstatus: 0x0006 TERMINATED 6: Aborted

:::::::::::::::::::::::::::::::::::::::::::::::::::::::::::::::::
stdin: /dev/null
:::::::::::::::::::::::::::::::::::::::::::::::::::::::::::::::::


:::::::::::::::::::::::::::::::::::::::::::::::::::::::::::::::::
stdout: output2.out
:::::::::::::::::::::::::::::::::::::::::::::::::::::::::::::::::


:::::::::::::::::::::::::::::::::::::::::::::::::::::::::::::::::
stderr: output2.err
:::::::::::::::::::::::::::::::::::::::::::::::::::::::::::::::::

     1	return NULL
     2	catqueue: queue.c:42: insert_queue: Assertion `is_queue (queue)' failed.
