==10802== Memcheck, a memory error detector
==10802== Copyright (C) 2002-2009, and GNU GPL'd, by Julian Seward et al.
==10802== Using Valgrind-3.5.0 and LibVEX; rerun with -h for copyright info
==10802== Command: catqueue
==10802== 
return NULL
catqueue: queue.c:42: insert_queue: Assertion `is_queue (queue)' failed.
==10802== 
==10802== HEAP SUMMARY:
==10802==     in use at exit: 51 bytes in 1 blocks
==10802==   total heap usage: 3 allocs, 2 frees, 225 bytes allocated
==10802== 
==10802== LEAK SUMMARY:
==10802==    definitely lost: 0 bytes in 0 blocks
==10802==    indirectly lost: 0 bytes in 0 blocks
==10802==      possibly lost: 0 bytes in 0 blocks
==10802==    still reachable: 51 bytes in 1 blocks
==10802==         suppressed: 0 bytes in 0 blocks
==10802== Reachable blocks (those to which a pointer was found) are not shown.
==10802== To see them, rerun with: --leak-check=full --show-reachable=yes
==10802== 
==10802== For counts of detected and suppressed errors, rerun with: -v
==10802== ERROR SUMMARY: 0 errors from 0 contexts (suppressed: 4 from 4)
