
:::::::::::::::::::::::::::::::::::::::::::::::::::::::::::::::::
log: voidstar.log
:::::::::::::::::::::::::::::::::::::::::::::::::::::::::::::::::

     1	Script  : /afs/cats.ucsc.edu/courses/cmps012b-wm/bin/runprog
     2	limit c :    0 max core file size (KB)
     3	limit f : 4194303 max output file size (KB)
     4	limit t : 4294967295 max CPU time (sec)
     5	stdin   : /dev/null
     6	stdout  : voidstar.out
     7	stderr  : voidstar.err
     8	log     : voidstar.log
     9	listing : voidstar.lis
    10	Command : voidstar
    11	starting: pid 24510: 18:56:47.00
    12	finished: pid 24510: 18:56:47.00, real 0.00, user 0.00, sys 0.00
    13	pstatus: 0x0000 EXIT STATUS = 0

:::::::::::::::::::::::::::::::::::::::::::::::::::::::::::::::::
stdin: /dev/null
:::::::::::::::::::::::::::::::::::::::::::::::::::::::::::::::::


:::::::::::::::::::::::::::::::::::::::::::::::::::::::::::::::::
stdout: voidstar.out
:::::::::::::::::::::::::::::::::::::::::::::::::::::::::::::::::

     1	 hello world foo bar baz qux this is a test
     2	 HELLO WORLD FOO BAR BAZ QUX THIS IS A TEST
     3	 6.02e+23 49 287 -99 -472 0 6e-22 inf
     4	 23.78 1.6902 2.4579 nan nan -inf -21.222 inf

:::::::::::::::::::::::::::::::::::::::::::::::::::::::::::::::::
stderr: voidstar.err
:::::::::::::::::::::::::::::::::::::::::::::::::::::::::::::::::

